# JRE version: OpenJDK Runtime Environment (8.0_152-b01) (build 1.8.0_152-release-915-b01)
# Java VM: OpenJDK 64-Bit Server VM (25.152-b01 mixed mode windows-amd64 compressed oops)
Heap:
 PSYoungGen      total 484352K, used 185000K [0x00000000e0000000, 0x0000000100000000, 0x0000000100000000)
  eden space 444416K, 41% used [0x00000000e0000000,0x00000000eb2d5048,0x00000000fb200000)
  from space 39936K, 4% used [0x00000000fd900000,0x00000000fdad5028,0x0000000100000000)
  to   space 39936K, 0% used [0x00000000fb200000,0x00000000fb200000,0x00000000fd900000)
 ParOldGen       total 220160K, used 162449K [0x00000000a0000000, 0x00000000ad700000, 0x00000000e0000000)
  object space 220160K, 73% used [0x00000000a0000000,0x00000000a9ea4400,0x00000000ad700000)
 Metaspace       used 85349K, capacity 91712K, committed 91864K, reserved 1128448K
  class space    used 10709K, capacity 12161K, committed 12288K, reserved 1048576K
GC Heap History (10 events):
Event: 6995.716 GC heap before
{Heap before GC invocations=41 (full 5):
 PSYoungGen      total 478720K, used 442240K [0x00000000e0000000, 0x0000000100000000, 0x0000000100000000)
  eden space 436224K, 100% used [0x00000000e0000000,0x00000000faa00000,0x00000000faa00000)
  from space 42496K, 14% used [0x00000000faa00000,0x00000000fafe0030,0x00000000fd380000)
  to   space 41984K, 0% used [0x00000000fd700000,0x00000000fd700000,0x0000000100000000)
 ParOldGen       total 220160K, used 132605K [0x00000000a0000000, 0x00000000ad700000, 0x00000000e0000000)
  object space 220160K, 60% used [0x00000000a0000000,0x00000000a817f588,0x00000000ad700000)
 Metaspace       used 81943K, capacity 87454K, committed 87640K, reserved 1126400K
  class space    used 10343K, capacity 11616K, committed 11648K, reserved 1048576K
Event: 6996.262 GC heap after
Heap after GC invocations=41 (full 5):
 PSYoungGen      total 479232K, used 20481K [0x00000000e0000000, 0x00000000ffd80000, 0x0000000100000000)
  eden space 439808K, 0% used [0x00000000e0000000,0x00000000e0000000,0x00000000fad80000)
  from space 39424K, 51% used [0x00000000fd700000,0x00000000feb00420,0x00000000ffd80000)
  to   space 40960K, 0% used [0x00000000fad80000,0x00000000fad80000,0x00000000fd580000)
 ParOldGen       total 220160K, used 133919K [0x00000000a0000000, 0x00000000ad700000, 0x00000000e0000000)
  object space 220160K, 60% used [0x00000000a0000000,0x00000000a82c7f10,0x00000000ad700000)
 Metaspace       used 81943K, capacity 87454K, committed 87640K, reserved 1126400K
  class space    used 10343K, capacity 11616K, committed 11648K, reserved 1048576K
}
Event: 7082.032 GC heap before
{Heap before GC invocations=42 (full 5):
 PSYoungGen      total 479232K, used 460289K [0x00000000e0000000, 0x00000000ffd80000, 0x0000000100000000)
  eden space 439808K, 100% used [0x00000000e0000000,0x00000000fad80000,0x00000000fad80000)
  from space 39424K, 51% used [0x00000000fd700000,0x00000000feb00420,0x00000000ffd80000)
  to   space 40960K, 0% used [0x00000000fad80000,0x00000000fad80000,0x00000000fd580000)
 ParOldGen       total 220160K, used 133919K [0x00000000a0000000, 0x00000000ad700000, 0x00000000e0000000)
  object space 220160K, 60% used [0x00000000a0000000,0x00000000a82c7f10,0x00000000ad700000)
 Metaspace       used 84553K, capacity 90352K, committed 90584K, reserved 1128448K
  class space    used 10616K, capacity 11939K, committed 12032K, reserved 1048576K
Event: 7082.339 GC heap after
Heap after GC invocations=42 (full 5):
 PSYoungGen      total 480768K, used 19583K [0x00000000e0000000, 0x00000000ffe80000, 0x0000000100000000)
  eden space 439808K, 0% used [0x00000000e0000000,0x00000000e0000000,0x00000000fad80000)
  from space 40960K, 47% used [0x00000000fad80000,0x00000000fc09fe88,0x00000000fd580000)
  to   space 39424K, 0% used [0x00000000fd800000,0x00000000fd800000,0x00000000ffe80000)
 ParOldGen       total 220160K, used 135143K [0x00000000a0000000, 0x00000000ad700000, 0x00000000e0000000)
  object space 220160K, 61% used [0x00000000a0000000,0x00000000a83f9eb0,0x00000000ad700000)
 Metaspace       used 84553K, capacity 90352K, committed 90584K, reserved 1128448K
  class space    used 10616K, capacity 11939K, committed 12032K, reserved 1048576K
}
Event: 7088.037 GC heap before
{Heap before GC invocations=43 (full 5):
 PSYoungGen      total 480768K, used 458768K [0x00000000e0000000, 0x00000000ffe80000, 0x0000000100000000)
  eden space 439808K, 99% used [0x00000000e0000000,0x00000000face4400,0x00000000fad80000)
  from space 40960K, 47% used [0x00000000fad80000,0x00000000fc09fe88,0x00000000fd580000)
  to   space 39424K, 0% used [0x00000000fd800000,0x00000000fd800000,0x00000000ffe80000)
 ParOldGen       total 220160K, used 135143K [0x00000000a0000000, 0x00000000ad700000, 0x00000000e0000000)
  object space 220160K, 61% used [0x00000000a0000000,0x00000000a83f9eb0,0x00000000ad700000)
 Metaspace       used 84651K, capacity 90464K, committed 90584K, reserved 1128448K
  class space    used 10622K, capacity 11947K, committed 12032K, reserved 1048576K
Event: 7088.087 GC heap after
Heap after GC invocations=43 (full 5):
 PSYoungGen      total 482304K, used 21640K [0x00000000e0000000, 0x00000000ffd80000, 0x0000000100000000)
  eden space 443904K, 0% used [0x00000000e0000000,0x00000000e0000000,0x00000000fb180000)
  from space 38400K, 56% used [0x00000000fd800000,0x00000000fed221e0,0x00000000ffd80000)
  to   space 38912K, 0% used [0x00000000fb180000,0x00000000fb180000,0x00000000fd780000)
 ParOldGen       total 220160K, used 150452K [0x00000000a0000000, 0x00000000ad700000, 0x00000000e0000000)
  object space 220160K, 68% used [0x00000000a0000000,0x00000000a92ed168,0x00000000ad700000)
 Metaspace       used 84651K, capacity 90464K, committed 90584K, reserved 1128448K
  class space    used 10622K, capacity 11947K, committed 12032K, reserved 1048576K
}
Event: 7088.240 GC heap before
{Heap before GC invocations=44 (full 5):
 PSYoungGen      total 482304K, used 464669K [0x00000000e0000000, 0x00000000ffd80000, 0x0000000100000000)
  eden space 443904K, 99% used [0x00000000e0000000,0x00000000fb0a55f8,0x00000000fb180000)
  from space 38400K, 56% used [0x00000000fd800000,0x00000000fed221e0,0x00000000ffd80000)
  to   space 38912K, 0% used [0x00000000fb180000,0x00000000fb180000,0x00000000fd780000)
 ParOldGen       total 220160K, used 150452K [0x00000000a0000000, 0x00000000ad700000, 0x00000000e0000000)
  object space 220160K, 68% used [0x00000000a0000000,0x00000000a92ed168,0x00000000ad700000)
 Metaspace       used 84651K, capacity 90464K, committed 90584K, reserved 1128448K
  class space    used 10622K, capacity 11947K, committed 12032K, reserved 1048576K
Event: 7088.253 GC heap after
Heap after GC invocations=44 (full 5):
 PSYoungGen      total 482816K, used 128K [0x00000000e0000000, 0x0000000100000000, 0x0000000100000000)
  eden space 443904K, 0% used [0x00000000e0000000,0x00000000e0000000,0x00000000fb180000)
  from space 38912K, 0% used [0x00000000fb180000,0x00000000fb1a0000,0x00000000fd780000)
  to   space 39936K, 0% used [0x00000000fd900000,0x00000000fd900000,0x0000000100000000)
 ParOldGen       total 220160K, used 162401K [0x00000000a0000000, 0x00000000ad700000, 0x00000000e0000000)
  object space 220160K, 73% used [0x00000000a0000000,0x00000000a9e98400,0x00000000ad700000)
 Metaspace       used 84651K, capacity 90464K, committed 90584K, reserved 1128448K
  class space    used 10622K, capacity 11947K, committed 12032K, reserved 1048576K
}
Event: 12864.299 GC heap before
{Heap before GC invocations=45 (full 5):
 PSYoungGen      total 482816K, used 444032K [0x00000000e0000000, 0x0000000100000000, 0x0000000100000000)
  eden space 443904K, 100% used [0x00000000e0000000,0x00000000fb180000,0x00000000fb180000)
  from space 38912K, 0% used [0x00000000fb180000,0x00000000fb1a0000,0x00000000fd780000)
  to   space 39936K, 0% used [0x00000000fd900000,0x00000000fd900000,0x0000000100000000)
 ParOldGen       total 220160K, used 162401K [0x00000000a0000000, 0x00000000ad700000, 0x00000000e0000000)
  object space 220160K, 73% used [0x00000000a0000000,0x00000000a9e98400,0x00000000ad700000)
 Metaspace       used 85143K, capacity 91262K, committed 91480K, reserved 1128448K
  class space    used 10668K, capacity 12066K, committed 12160K, reserved 1048576K
Event: 12865.160 GC heap after
Heap after GC invocations=45 (full 5):
 PSYoungGen      total 484352K, used 1876K [0x00000000e0000000, 0x0000000100000000, 0x0000000100000000)
  eden space 444416K, 0% used [0x00000000e0000000,0x00000000e0000000,0x00000000fb200000)
  from space 39936K, 4% used [0x00000000fd900000,0x00000000fdad5028,0x0000000100000000)
  to   space 39936K, 0% used [0x00000000fb200000,0x00000000fb200000,0x00000000fd900000)
 ParOldGen       total 220160K, used 162449K [0x00000000a0000000, 0x00000000ad700000, 0x00000000e0000000)
  object space 220160K, 73% used [0x00000000a0000000,0x00000000a9ea4400,0x00000000ad700000)
 Metaspace       used 85143K, capacity 91262K, committed 91480K, reserved 1128448K
  class space    used 10668K, capacity 12066K, committed 12160K, reserved 1048576K
}

